[debug] [2023-12-15T18:10:52.461Z] ----------------------------------------------------------------------
[debug] [2023-12-15T18:10:52.462Z] Command:       /Users/rachm/.nvm/versions/node/v18.7.0/bin/node /opt/homebrew/bin/firebase backends:create --project 201762497241
[debug] [2023-12-15T18:10:52.462Z] CLI Version:   13.0.1
[debug] [2023-12-15T18:10:52.462Z] Platform:      darwin
[debug] [2023-12-15T18:10:52.462Z] Node Version:  v18.7.0
[debug] [2023-12-15T18:10:52.463Z] Time:          Fri Dec 15 2023 13:10:52 GMT-0500 (Eastern Standard Time)
[debug] [2023-12-15T18:10:52.463Z] Env Overrides: FIREBASE_CLOUDBUILD_URL, FRAMEWORKS_URL
[debug] [2023-12-15T18:10:52.463Z] ----------------------------------------------------------------------
[debug] 
[debug] [2023-12-15T18:10:52.464Z] >>> [apiv2][query] GET https://firebase-public.firebaseio.com/cli.json [none]
[debug] [2023-12-15T18:10:52.482Z] > command requires scopes: ["email","openid","https://www.googleapis.com/auth/cloudplatformprojects.readonly","https://www.googleapis.com/auth/firebase","https://www.googleapis.com/auth/cloud-platform"]
[debug] [2023-12-15T18:10:52.482Z] > authorizing via signed-in user (rachm@google.com)
[debug] [2023-12-15T18:10:52.483Z] > refreshing access token with scopes: []
[debug] [2023-12-15T18:10:52.484Z] >>> [apiv2][query] POST https://www.googleapis.com/oauth2/v3/token [none]
[debug] [2023-12-15T18:10:52.484Z] >>> [apiv2][body] POST https://www.googleapis.com/oauth2/v3/token [omitted]
[debug] [2023-12-15T18:10:52.613Z] <<< [apiv2][status] GET https://firebase-public.firebaseio.com/cli.json 200
[debug] [2023-12-15T18:10:52.614Z] <<< [apiv2][body] GET https://firebase-public.firebaseio.com/cli.json {"cloudBuildErrorAfter":1594252800000,"cloudBuildWarnAfter":1590019200000,"defaultNode10After":1594252800000,"minVersion":"3.0.5","node8DeploysDisabledAfter":1613390400000,"node8RuntimeDisabledAfter":1615809600000,"node8WarnAfter":1600128000000}
[debug] [2023-12-15T18:10:52.664Z] <<< [apiv2][status] POST https://www.googleapis.com/oauth2/v3/token 400
[debug] [2023-12-15T18:10:52.665Z] <<< [apiv2][body] POST https://www.googleapis.com/oauth2/v3/token [omitted]
[debug] [2023-12-15T18:10:52.666Z] >>> [apiv2][query] GET https://firebase.googleapis.com/v1beta1/projects/201762497241 [none]
[debug] [2023-12-15T18:10:52.845Z] <<< [apiv2][status] GET https://firebase.googleapis.com/v1beta1/projects/201762497241 401
[debug] [2023-12-15T18:10:52.845Z] <<< [apiv2][body] GET https://firebase.googleapis.com/v1beta1/projects/201762497241 {"error":{"code":401,"message":"Request had invalid authentication credentials. Expected OAuth 2 access token, login cookie or other valid authentication credential. See https://developers.google.com/identity/sign-in/web/devconsole-project.","status":"UNAUTHENTICATED"}}
[debug] [2023-12-15T18:10:52.846Z] HTTP Error: 401, Request had invalid authentication credentials. Expected OAuth 2 access token, login cookie or other valid authentication credential. See https://developers.google.com/identity/sign-in/web/devconsole-project.
[debug] [2023-12-15T18:10:52.940Z] FirebaseError: HTTP Error: 401, Request had invalid authentication credentials. Expected OAuth 2 access token, login cookie or other valid authentication credential. See https://developers.google.com/identity/sign-in/web/devconsole-project.
    at responseToError (/opt/homebrew/lib/node_modules/firebase-tools/lib/responseToError.js:49:12)
    at RetryOperation._fn (/opt/homebrew/lib/node_modules/firebase-tools/lib/apiv2.js:292:77)
    at process.processTicksAndRejections (node:internal/process/task_queues:95:5)
[error] 
[error] Error: Failed to get Firebase project 201762497241. Please make sure the project exists and your account has permission to access it.
